<?xml version="1.0" encoding="UTF-8"?>
<testng-results ignored="0" total="1" passed="1" failed="0" skipped="0">
  <reporter-output>
  </reporter-output>
  <suite started-at="2026-08-20T21:52:30 UTC" name="BookMyShow Test Suite" finished-at="2026-08-20T21:52:30 UTC" duration-ms="127">
    <groups>
    </groups>
    <test started-at="2026-08-20T21:52:30 UTC" name="BookMyShow Smoke Tests" finished-at="2026-08-20T21:52:30 UTC" duration-ms="127">
      <class name="com.bookmyshow.BookMyShowSmokeTest">
        <test-method signature="verifyApplicationIsAvailable()[pri:0, instance:com.bookmyshow.BookMyShowSmokeTest@56a6d5a6]" started-at="2026-08-20T21:52:30 UTC" name="verifyApplicationIsAvailable" description="Verify BookMyShow application is reachable" finished-at="2026-08-20T21:52:30 UTC" duration-ms="52" status="PASS">
          <reporter-output>
          </reporter-output>
        </test-method> <!-- verifyApplicationIsAvailable -->
      </class> <!-- com.bookmyshow.BookMyShowSmokeTest -->
    </test> <!-- BookMyShow Smoke Tests -->
  </suite> <!-- BookMyShow Test Suite -->
</testng-results>
